<?xml version="1.0" encoding="UTF-8"?>
<!-- Generated by org.testng.reporters.JUnitReportReporter -->
<testsuite skipped="0" hostname="dus-MacBook-Pro.local" name="org.webdriver.tests.TestSignUp_Organization_3" tests="1" failures="0" timestamp="21 Mar 2018 02:00:10 GMT" time="15.636" errors="0">
  <testcase name="TestSignUp_organization_3" time="15.636" classname="org.webdriver.tests.TestSignUp_Organization_3"/>
</testsuite> <!-- org.webdriver.tests.TestSignUp_Organization_3 -->
