<?xml version="1.0" encoding="UTF-8"?>
<!-- Generated by org.testng.reporters.JUnitReportReporter -->
<testsuite skipped="0" hostname="dus-MacBook-Pro.local" name="org.webdriver.tests.TestSignIn_2" tests="1" failures="0" timestamp="20 Mar 2018 03:28:11 GMT" time="26.924" errors="0">
  <testcase name="testSignIn_2" time="26.924" classname="org.webdriver.tests.TestSignIn_2"/>
</testsuite> <!-- org.webdriver.tests.TestSignIn_2 -->
