<?xml version="1.0" encoding="UTF-8"?>
<!-- Generated by org.testng.reporters.JUnitReportReporter -->
<testsuite skipped="0" hostname="dus-MacBook-Pro.local" name="org.webdriver.demo.DemoWithDriverAction" tests="1" failures="0" timestamp="13 Mar 2018 09:41:42 GMT" time="6.869" errors="0">
  <testcase name="LoginWithBlankField" time="6.869" classname="org.webdriver.demo.DemoWithDriverAction"/>
</testsuite> <!-- org.webdriver.demo.DemoWithDriverAction -->
