<?xml version="1.0" encoding="UTF-8"?>
<!-- Generated by org.testng.reporters.JUnitReportReporter -->
<testsuite skipped="0" hostname="dus-MacBook-Pro.local" name="org.webdriver.tests.TestSignIn_4" tests="1" failures="0" timestamp="19 Mar 2018 14:55:00 GMT" time="27.868" errors="0">
  <testcase name="testSignIn_4" time="27.868" classname="org.webdriver.tests.TestSignIn_4"/>
</testsuite> <!-- org.webdriver.tests.TestSignIn_4 -->
