<?xml version="1.0" encoding="UTF-8"?>
<!-- Generated by org.testng.reporters.JUnitReportReporter -->
<testsuite skipped="0" hostname="dus-MacBook-Pro.local" name="org.webdriver.tests.TestSignUp_3" tests="1" failures="0" timestamp="21 Mar 2018 02:00:10 GMT" time="16.198" errors="0">
  <testcase name="testSignUp_3" time="16.198" classname="org.webdriver.tests.TestSignUp_3"/>
</testsuite> <!-- org.webdriver.tests.TestSignUp_3 -->
