<?xml version="1.0" encoding="UTF-8"?>
<!-- Generated by org.testng.reporters.JUnitReportReporter -->
<testsuite skipped="0" hostname="dus-MacBook-Pro.local" name="org.webdriver.tests.TestSignIn_3" tests="1" failures="0" timestamp="20 Mar 2018 08:16:56 GMT" time="28.093" errors="0">
  <testcase name="testSignIn_3" time="28.093" classname="org.webdriver.tests.TestSignIn_3"/>
</testsuite> <!-- org.webdriver.tests.TestSignIn_3 -->
