<?xml version="1.0" encoding="UTF-8"?>
<!-- Generated by org.testng.reporters.JUnitReportReporter -->
<testsuite skipped="0" hostname="dus-MacBook-Pro.local" name="org.webdriver.tests.TestForgotPassword_1" tests="1" failures="0" timestamp="22 Mar 2018 04:17:24 GMT" time="16.806" errors="0">
  <testcase name="testForgotPassword_1" time="16.806" classname="org.webdriver.tests.TestForgotPassword_1"/>
</testsuite> <!-- org.webdriver.tests.TestForgotPassword_1 -->
