<?xml version="1.0" encoding="UTF-8"?>
<!-- Generated by org.testng.reporters.JUnitReportReporter -->
<testsuite skipped="0" hostname="DESKTOP-J9B0G15" name="org.webdriver.tests.TestSignIn_1" tests="1" failures="0" timestamp="20 Mar 2018 16:34:16 GMT" time="26.753" errors="0">
  <testcase name="testSignIn_1" time="26.753" classname="org.webdriver.tests.TestSignIn_1"/>
</testsuite> <!-- org.webdriver.tests.TestSignIn_1 -->
