<?xml version="1.0" encoding="UTF-8"?>
<!-- Generated by org.testng.reporters.JUnitReportReporter -->
<testsuite skipped="0" hostname="dus-MacBook-Pro.local" name="org.webdriver.tests.TestForgotPassword_3" tests="1" failures="0" timestamp="20 Mar 2018 15:54:31 GMT" time="21.276" errors="0">
  <testcase name="testForgotPassword_3" time="21.276" classname="org.webdriver.tests.TestForgotPassword_3"/>
</testsuite> <!-- org.webdriver.tests.TestForgotPassword_3 -->
