<?xml version="1.0" encoding="UTF-8"?>
<!-- Generated by org.testng.reporters.JUnitReportReporter -->
<testsuite skipped="0" hostname="dus-MacBook-Pro.local" name="org.webdriver.demo.LoginTest" tests="1" failures="0" timestamp="13 Mar 2018 08:43:07 GMT" time="5.648" errors="0">
  <testcase name="testLoginWithBlankField" time="5.648" classname="org.webdriver.demo.LoginTest"/>
</testsuite> <!-- org.webdriver.demo.LoginTest -->
