<?xml version="1.0" encoding="UTF-8"?>
<!-- Generated by org.testng.reporters.JUnitReportReporter -->
<testsuite skipped="0" hostname="dus-MacBook-Pro.local" name="org.webdriver.tests.TestSignIn_5" tests="1" failures="0" timestamp="20 Mar 2018 03:28:11 GMT" time="26.631" errors="0">
  <testcase name="testSignIn_5" time="26.631" classname="org.webdriver.tests.TestSignIn_5"/>
</testsuite> <!-- org.webdriver.tests.TestSignIn_5 -->
