<?xml version="1.0" encoding="UTF-8"?>
<!-- Generated by org.testng.reporters.JUnitReportReporter -->
<testsuite skipped="0" hostname="dus-MacBook-Pro.local" name="org.webdriver.tests.TestSignIn_4" tests="1" failures="0" timestamp="20 Mar 2018 15:54:31 GMT" time="25.843" errors="0">
  <testcase name="testSignIn_4" time="25.843" classname="org.webdriver.tests.TestSignIn_4"/>
</testsuite> <!-- org.webdriver.tests.TestSignIn_4 -->
