<?xml version="1.0" encoding="UTF-8"?>
<!-- Generated by org.testng.reporters.JUnitReportReporter -->
<testsuite skipped="0" hostname="dus-MacBook-Pro.local" name="org.webdriver.tests.TestSignUp_Organization_4" tests="1" failures="0" timestamp="20 Mar 2018 08:16:56 GMT" time="19.288" errors="0">
  <testcase name="testSignUp_organization_4" time="19.288" classname="org.webdriver.tests.TestSignUp_Organization_4"/>
</testsuite> <!-- org.webdriver.tests.TestSignUp_Organization_4 -->
