<?xml version="1.0" encoding="UTF-8"?>
<!-- Generated by org.testng.reporters.JUnitReportReporter -->
<testsuite skipped="0" hostname="dus-MacBook-Pro.local" name="org.webdriver.tests.TestSignUp_Organization_7" tests="1" failures="0" timestamp="20 Mar 2018 09:47:48 GMT" time="26.892" errors="0">
  <testcase name="testSignUp_organization_7" time="26.892" classname="org.webdriver.tests.TestSignUp_Organization_7"/>
</testsuite> <!-- org.webdriver.tests.TestSignUp_Organization_7 -->
