<?xml version="1.0" encoding="UTF-8"?>
<!-- Generated by org.testng.reporters.JUnitReportReporter -->
<testsuite skipped="0" hostname="dus-MacBook-Pro.local" name="org.webdriver.tests.TestForgotPassword_1" tests="1" failures="0" timestamp="21 Mar 2018 02:00:10 GMT" time="14.332" errors="0">
  <testcase name="testForgotPassword_1" time="14.332" classname="org.webdriver.tests.TestForgotPassword_1"/>
</testsuite> <!-- org.webdriver.tests.TestForgotPassword_1 -->
