<?xml version="1.0" encoding="UTF-8"?>
<!-- Generated by org.testng.reporters.JUnitReportReporter -->
<testsuite skipped="0" hostname="dus-MacBook-Pro.local" name="org.webdriver.tests.TestSignUp_1" tests="1" failures="0" timestamp="20 Mar 2018 04:09:14 GMT" time="19.012" errors="0">
  <testcase name="testSignUp_1" time="19.012" classname="org.webdriver.tests.TestSignUp_1"/>
</testsuite> <!-- org.webdriver.tests.TestSignUp_1 -->
