<?xml version="1.0" encoding="UTF-8"?>
<!-- Generated by org.testng.reporters.JUnitReportReporter -->
<testsuite skipped="0" hostname="dus-MacBook-Pro.local" name="org.webdriver.tests.TestDemo" tests="1" failures="0" timestamp="15 Mar 2018 02:24:10 GMT" time="55.883" errors="0">
  <testcase name="testSomething" time="55.883" classname="org.webdriver.tests.TestDemo"/>
</testsuite> <!-- org.webdriver.tests.TestDemo -->
