<?xml version="1.0" encoding="UTF-8"?>
<!-- Generated by org.testng.reporters.JUnitReportReporter -->
<testsuite skipped="0" hostname="dus-MacBook-Pro.local" name="org.webdriver.tests.TestSignIn_2" tests="1" failures="0" timestamp="19 Mar 2018 14:55:00 GMT" time="30.085" errors="0">
  <testcase name="testSignIn_2" time="30.085" classname="org.webdriver.tests.TestSignIn_2"/>
</testsuite> <!-- org.webdriver.tests.TestSignIn_2 -->
