<?xml version="1.0" encoding="UTF-8"?>
<!-- Generated by org.testng.reporters.JUnitReportReporter -->
<testsuite skipped="0" hostname="dus-MacBook-Pro.local" name="org.webdriver.tests.TestSignUp_4" tests="1" failures="0" timestamp="20 Mar 2018 09:47:48 GMT" time="18.696" errors="0">
  <testcase name="testSignUp_4" time="18.696" classname="org.webdriver.tests.TestSignUp_4"/>
</testsuite> <!-- org.webdriver.tests.TestSignUp_4 -->
