<?xml version="1.0" encoding="UTF-8"?>
<!-- Generated by org.testng.reporters.JUnitReportReporter -->
<testsuite skipped="0" hostname="dus-MacBook-Pro.local" name="org.webdriver.tests.TestForgotPassword_3" tests="1" failures="0" timestamp="22 Mar 2018 04:17:24 GMT" time="22.352" errors="0">
  <testcase name="testForgotPassword_3" time="22.352" classname="org.webdriver.tests.TestForgotPassword_3"/>
</testsuite> <!-- org.webdriver.tests.TestForgotPassword_3 -->
