<?xml version="1.0" encoding="UTF-8"?>
<!-- Generated by org.testng.reporters.JUnitReportReporter -->
<testsuite skipped="0" hostname="dus-MacBook-Pro.local" name="org.webdriver.tests.TestSignUp_Organization_4" tests="1" failures="0" timestamp="22 Mar 2018 04:16:14 GMT" time="18.612" errors="0">
  <testcase name="testSignUp_organization_4" time="18.612" classname="org.webdriver.tests.TestSignUp_Organization_4"/>
</testsuite> <!-- org.webdriver.tests.TestSignUp_Organization_4 -->
