<?xml version="1.0" encoding="UTF-8"?>
<!-- Generated by org.testng.reporters.JUnitReportReporter -->
<testsuite skipped="0" hostname="dus-MacBook-Pro.local" name="org.webdriver.tests.TestForgotPassword_2" tests="1" failures="0" timestamp="21 Mar 2018 02:02:22 GMT" time="15.707" errors="0">
  <testcase name="testForgotPassword_2" time="15.707" classname="org.webdriver.tests.TestForgotPassword_2"/>
</testsuite> <!-- org.webdriver.tests.TestForgotPassword_2 -->
