<?xml version="1.0" encoding="UTF-8"?>
<!-- Generated by org.testng.reporters.JUnitReportReporter -->
<testsuite skipped="0" hostname="dus-MacBook-Pro.local" name="org.webdriver.tests.TestProject_1" tests="1" failures="0" timestamp="22 Mar 2018 04:16:14 GMT" time="19.180" errors="0">
  <testcase name="testProject_1" time="19.180" classname="org.webdriver.tests.TestProject_1"/>
</testsuite> <!-- org.webdriver.tests.TestProject_1 -->
