<?xml version="1.0" encoding="UTF-8"?>
<!-- Generated by org.testng.reporters.JUnitReportReporter -->
<testsuite skipped="0" hostname="dus-MacBook-Pro.local" name="org.webdriver.tests.TestSignUp_6" tests="1" failures="0" timestamp="22 Mar 2018 04:16:14 GMT" time="25.636" errors="0">
  <testcase name="testSignUp_6" time="25.636" classname="org.webdriver.tests.TestSignUp_6"/>
</testsuite> <!-- org.webdriver.tests.TestSignUp_6 -->
